[01m[K/home/lin/catkin_ws/src/smb_highlevel_controller/src/smb_highlevel_controller_node.cpp:4:30:[m[K [01;31m[Kerror: [m[Kâ€˜[01m[Ksensor_msg[m[Kâ€™ does not name a type; did you mean â€˜[01m[Ksensor_msgs[m[Kâ€™?
    4 | void laserScanCallback(const [01;31m[Ksensor_msg[m[K::LaserScan::ConstPtr& msg)
      |                              [01;31m[K^~~~~~~~~~[m[K
      |                              [32m[Ksensor_msgs[m[K
[01m[K/home/lin/catkin_ws/src/smb_highlevel_controller/src/smb_highlevel_controller_node.cpp:4:51:[m[K [01;31m[Kerror: [m[Kexpected unqualified-id before â€˜[01m[K::[m[Kâ€™ token
    4 | void laserScanCallback(const sensor_msg::LaserScan[01;31m[K::[m[KConstPtr& msg)
      |                                                   [01;31m[K^~[m[K
[01m[K/home/lin/catkin_ws/src/smb_highlevel_controller/src/smb_highlevel_controller_node.cpp:4:51:[m[K [01;31m[Kerror: [m[Kexpected â€˜[01m[K)[m[Kâ€™ before â€˜[01m[K::[m[Kâ€™ token
    4 | void laserScanCallback[34m[K([m[Kconst sensor_msg::LaserScan[01;31m[K:[m[K[32m[K:[m[KConstPtr& msg)
      |                       [34m[K~[m[K                           [01;31m[K^[m[K[32m[K~[m[K
      |                                                   [32m[K)[m[K
[01m[K/home/lin/catkin_ws/src/smb_highlevel_controller/src/smb_highlevel_controller_node.cpp:4:51:[m[K [01;31m[Kerror: [m[Kexpected initializer before â€˜[01m[K::[m[Kâ€™ token
    4 | void laserScanCallback(const sensor_msg::LaserScan[01;31m[K::[m[KConstPtr& msg)
      |                                                   [01;31m[K^~[m[K
[01m[K/home/lin/catkin_ws/src/smb_highlevel_controller/src/smb_highlevel_controller_node.cpp:[m[K In function â€˜[01m[Kint main(int, char**)[m[Kâ€™:
[01m[K/home/lin/catkin_ws/src/smb_highlevel_controller/src/smb_highlevel_controller_node.cpp:21:54:[m[K [01;31m[Kerror: [m[Kexpected â€˜[01m[K;[m[Kâ€™ before â€˜[01m[K:[m[Kâ€™ token
   21 |     ros::init(argc, argv, "smb_highlevel_contraller")[01;31m[K:[m[K
      |                                                      [01;31m[K^[m[K
      |                                                      [32m[K;[m[K
[01m[K/home/lin/catkin_ws/src/smb_highlevel_controller/src/smb_highlevel_controller_node.cpp:23:27:[m[K [01;31m[Kerror: [m[Kâ€˜[01m[Knh[m[Kâ€™ was not declared in this scope
   23 |     ros::Subscriber sub = [01;31m[Knh[m[K.subscribe("/laser_scan",10,laserScanBallback);
      |                           [01;31m[K^~[m[K
[01m[K/home/lin/catkin_ws/src/smb_highlevel_controller/src/smb_highlevel_controller_node.cpp:23:57:[m[K [01;31m[Kerror: [m[Kâ€˜[01m[KlaserScanBallback[m[Kâ€™ was not declared in this scope
   23 |     ros::Subscriber sub = nh.subscribe("/laser_scan",10,[01;31m[KlaserScanBallback[m[K);
      |                                                         [01;31m[K^~~~~~~~~~~~~~~~~[m[K
make[2]: *** [CMakeFiles/smb_highlevel_controller_node.dir/build.make:63: CMakeFiles/smb_highlevel_controller_node.dir/src/smb_highlevel_controller_node.cpp.o] Error 1
make[1]: *** [CMakeFiles/Makefile2:165: CMakeFiles/smb_highlevel_controller_node.dir/all] Error 2
make: *** [Makefile:141: all] Error 2
